Microsoft (R) Help Compiler
HCRTF 4.03.0002
Copyright (c) Microsoft Corp 1990 - 1995. All rights reserved.
FBD.hpj
    HC3037: Warning: C:\Program Files\Microsoft Visual Studio\VC98\Projects\FBD\hlp\FBD.hm : 
	The map value for "HID_DRAWVECTOR_FORCE" is the same as the map value for "HID_DRAWVECTOR_FIRST".
    HC3037: Warning: C:\Program Files\Microsoft Visual Studio\VC98\Projects\FBD\hlp\FBD.hm : 
	The map value for "HID_DRAWVECTOR_LAST" is the same as the map value for "HID_DRAWVECTOR_DISPLACEMENT".
    HC3037: Warning: C:\Program Files\Microsoft Visual Studio\VC98\Projects\FBD\hlp\FBD.hm : 
	The map value for "HID_HINTBTN_HINT" is the same as the map value for "HID_HINTBTN_FIRST".
    HC3037: Warning: C:\Program Files\Microsoft Visual Studio\VC98\Projects\FBD\hlp\FBD.hm : 
	The map value for "HID_HINTBTN_LAST" is the same as the map value for "HID_HINTBTN_HIDE".
    HC3037: Warning: C:\Program Files\Microsoft Visual Studio\VC98\Projects\FBD\hlp\FBD.hm : 
	The map value for "HID_PLAYER_GOTO" is the same as the map value for "HID_TRAINDISPLACEMENT".
    HC3037: Warning: C:\Program Files\Microsoft Visual Studio\VC98\Projects\FBD\hlp\FBD.hm : 
	The map value for "HID_NEWTONSFIRST" is the same as the map value for "HID_TDISPLACEMENT_TIME".
    HC3037: Warning: C:\Program Files\Microsoft Visual Studio\VC98\Projects\FBD\hlp\FBD.hm : 
	The map value for "HID_NEWTONSSECOND" is the same as the map value for "HID_TDISPLACEMENT_LABEL".
    HC3037: Warning: C:\Program Files\Microsoft Visual Studio\VC98\Projects\FBD\hlp\FBD.hm : 
	The map value for "HID_ENERGY" is the same as the map value for "HID_TDISPLACEMENT_DIRECTION".
    HC3037: Warning: C:\Program Files\Microsoft Visual Studio\VC98\Projects\FBD\hlp\FBD.hm : 
	The map value for "HID_VARIABLE_ADDFORCE" is the same as the map value for "HID_VARIABLE_ADDFIRST".
    HC3037: Warning: C:\Program Files\Microsoft Visual Studio\VC98\Projects\FBD\hlp\FBD.hm : 
	The map value for "HID_VARIABLE_ADDLAST" is the same as the map value for "HID_VARIABLE_ADDTIME".
    HC3037: Warning: C:\Program Files\Microsoft Visual Studio\VC98\Projects\FBD\hlp\FBD.hm : 
	The map value for "HID_DRAW_VECTOR" is the same as the map value for "HID_DRAWTOOL_FIRST".
    HC3037: Warning: C:\Program Files\Microsoft Visual Studio\VC98\Projects\FBD\hlp\FBD.hm : 
	The map value for "HID_DRAWTOOL_LAST" is the same as the map value for "HID_LABEL_RADIUS".
    HC3037: Warning: C:\Program Files\Microsoft Visual Studio\VC98\Projects\FBD\hlp\FBD.hm : 
	The map value for "HIDM_ALPHA" is the same as the map value for "HIDM_GREEKLETTER_FIRST".
    HC3037: Warning: C:\Program Files\Microsoft Visual Studio\VC98\Projects\FBD\hlp\FBD.hm : 
	The map value for "HIDM_GREEKLETTER_LAST" is the same as the map value for "HIDM_OMEGA".
    HC3037: Warning: C:\Program Files\Microsoft Visual Studio\VC98\Projects\FBD\hlp\FBD.hm : 
	The map value for "HID_VERTICAL" is the same as the map value for "HID_DIRECTION_FIRST".
    HC3037: Warning: C:\Program Files\Microsoft Visual Studio\VC98\Projects\FBD\hlp\FBD.hm : 
	The map value for "HID_DIRECTION_LAST" is the same as the map value for "HID_OTHER".
    HC3037: Warning: C:\Program Files\Microsoft Visual Studio\VC98\Projects\FBD\hlp\FBD.hm : 
	The map value for "HID_CHECKSOLV" is the same as the map value for "HID_NEXTSTEP_FIRST".
    HC3037: Warning: C:\Program Files\Microsoft Visual Studio\VC98\Projects\FBD\hlp\FBD.hm : 
	The map value for "HID_NEXTSTEP_LAST" is the same as the map value for "HID_ANOTHERAXIS".
    HC3037: Warning: C:\Program Files\Microsoft Visual Studio\VC98\Projects\FBD\hlp\FBD.hm : 
	The map value for "HID_WEREDONE" is the same as the map value for "HID_NEXT_FIRST".
    HC3037: Warning: C:\Program Files\Microsoft Visual Studio\VC98\Projects\FBD\hlp\FBD.hm : 
	The map value for "HID_NEXT_LAST" is the same as the map value for "HID_ANOTHERSTAGE".
    HC3037: Warning: C:\Program Files\Microsoft Visual Studio\VC98\Projects\FBD\hlp\FBD.hm : 
	The map value for "HID_FILE_OPENSOLUTION" is the same as the map value for "HID_HELP_INDEX".
    HC3037: Warning: C:\Program Files\Microsoft Visual Studio\VC98\Projects\FBD\hlp\FBD.hm : 
	The map value for "HIDR_PLAYER_CMDS" is the same as the map value for "HIDR_PLAYER".
    HC3037: Warning: C:\Program Files\Microsoft Visual Studio\VC98\Projects\FBD\hlp\FBD.hm : 
	The map value for "HIDR_ALLTOOLS" is the same as the map value for "HIDR_MAINFRAME1".
    HC3037: Warning: C:\Program Files\Microsoft Visual Studio\VC98\Projects\FBD\hlp\FBD.hm : 
	The map value for "HIDR_NEXT" is the same as the map value for "HIDR_MOTION".
    HC3037: Warning: C:\Program Files\Microsoft Visual Studio\VC98\Projects\FBD\hlp\FBD.hm : 
	The map value for "HIDR_NEXTSTEP" is the same as the map value for "HIDR_MAJORLAWS".
    HC3037: Warning: C:\Program Files\Microsoft Visual Studio\VC98\Projects\FBD\hlp\FBD.hm : 
	The map value for "HIDD_PLAYER" is the same as the map value for "HIDD_EXPERIMENT".
    HC3037: Warning: C:\Program Files\Microsoft Visual Studio\VC98\Projects\FBD\hlp\FBD.hm : 
	The map value for "HIDD_STEP" is the same as the map value for "HIDD_STEP1".
    HC3037: Warning: C:\Program Files\Microsoft Visual Studio\VC98\Projects\FBD\hlp\FBD.hm : 
	The map value for "HIDD_STEP2" is the same as the map value for "HIDR_STATUS".
    HC3037: Warning: C:\Program Files\Microsoft Visual Studio\VC98\Projects\FBD\hlp\FBD.hm : 
	The map value for "HIDD_SYMBOL" is the same as the map value for "HIDD_DIALOG1".
    HC3037: Warning: C:\Program Files\Microsoft Visual Studio\VC98\Projects\FBD\hlp\FBD.hm : 
	The map value for "HIDD_PROPERTY" is the same as the map value for "HIDD_KINEMATICPROP".
    HC1012: Note: topic #1 of C:\Program Files\Microsoft Visual Studio\VC98\Projects\FBD\hlp\AfxCore.rtf : 
	Table cell borders are not supported.
    HC1012: Note: topic #2 of C:\Program Files\Microsoft Visual Studio\VC98\Projects\FBD\hlp\AfxCore.rtf : 
	Table cell borders are not supported.
    HC1012: Note: topic #3 of C:\Program Files\Microsoft Visual Studio\VC98\Projects\FBD\hlp\AfxCore.rtf : 
	Table cell borders are not supported.
    HC1012: Note: topic #4 of C:\Program Files\Microsoft Visual Studio\VC98\Projects\FBD\hlp\AfxCore.rtf : 
	Table cell borders are not supported.
    HC1012: Note: topic #5 of C:\Program Files\Microsoft Visual Studio\VC98\Projects\FBD\hlp\AfxCore.rtf : 
	Table cell borders are not supported.
    HC1012: Note: topic #7 of C:\Program Files\Microsoft Visual Studio\VC98\Projects\FBD\hlp\AfxCore.rtf : 
	Table cell borders are not supported.
    HC1003: Note: topic #7 of C:\Program Files\Microsoft Visual Studio\VC98\Projects\FBD\hlp\AfxCore.rtf : 
	A paragraph marker is formatted as a hidden character.
    HC1003: Note: topic #7 of C:\Program Files\Microsoft Visual Studio\VC98\Projects\FBD\hlp\AfxCore.rtf : 
	A paragraph marker is formatted as a hidden character.
    HC1003: Note: topic #7 of C:\Program Files\Microsoft Visual Studio\VC98\Projects\FBD\hlp\AfxCore.rtf : 
	A paragraph marker is formatted as a hidden character.
    HC1012: Note: topic #47 of C:\Program Files\Microsoft Visual Studio\VC98\Projects\FBD\hlp\AfxCore.rtf : 
	Table cell borders are not supported.
    HC1003: Note: topic #57 of C:\Program Files\Microsoft Visual Studio\VC98\Projects\FBD\hlp\AfxCore.rtf : 
	A paragraph marker is formatted as a hidden character.
    HC1017: Note: topic #20 of C:\Program Files\Microsoft Visual Studio\VC98\Projects\FBD\hlp\Andes.rtf : 
	A nonscrolling region crosses a page break.
    HC3048: Warning: topic #20 of C:\Program Files\Microsoft Visual Studio\VC98\Projects\FBD\hlp\Andes.rtf : 
	Nonscrolling region defined after scrolling region.
    HC3048: Warning: topic #27 of C:\Program Files\Microsoft Visual Studio\VC98\Projects\FBD\hlp\Andes.rtf : 
	Nonscrolling region defined after scrolling region.
    HC1012: Note: topic #27 of C:\Program Files\Microsoft Visual Studio\VC98\Projects\FBD\hlp\Andes.rtf : 
	Table cell borders are not supported.
    HC1017: Note: topic #36 of C:\Program Files\Microsoft Visual Studio\VC98\Projects\FBD\hlp\Andes.rtf : 
	A nonscrolling region crosses a page break.
    HC3048: Warning: topic #36 of C:\Program Files\Microsoft Visual Studio\VC98\Projects\FBD\hlp\Andes.rtf : 
	Nonscrolling region defined after scrolling region.
    HC3048: Warning: topic #40 of C:\Program Files\Microsoft Visual Studio\VC98\Projects\FBD\hlp\Andes.rtf : 
	Nonscrolling region defined after scrolling region.
    HC3048: Warning: topic #43 of C:\Program Files\Microsoft Visual Studio\VC98\Projects\FBD\hlp\Andes.rtf : 
	Nonscrolling region defined after scrolling region.
    HC1003: Note: topic #48 of C:\Program Files\Microsoft Visual Studio\VC98\Projects\FBD\hlp\Andes.rtf : 
	A paragraph marker is formatted as a hidden character.
    HC3048: Warning: topic #2 of C:\Program Files\Microsoft Visual Studio\VC98\Projects\FBD\hlp\Equation.rtf : 
	Nonscrolling region defined after scrolling region.
    HC3048: Warning: topic #3 of C:\Program Files\Microsoft Visual Studio\VC98\Projects\FBD\hlp\Equation.rtf : 
	Nonscrolling region defined after scrolling region.
    HC3048: Warning: topic #4 of C:\Program Files\Microsoft Visual Studio\VC98\Projects\FBD\hlp\Equation.rtf : 
	Nonscrolling region defined after scrolling region.
    HC3048: Warning: topic #5 of C:\Program Files\Microsoft Visual Studio\VC98\Projects\FBD\hlp\Equation.rtf : 
	Nonscrolling region defined after scrolling region.
    HC3048: Warning: topic #6 of C:\Program Files\Microsoft Visual Studio\VC98\Projects\FBD\hlp\Equation.rtf : 
	Nonscrolling region defined after scrolling region.
    HC3071: Warning: topic #17 of C:\Program Files\Microsoft Visual Studio\VC98\Projects\FBD\hlp\Trainer.rtf : 
	One or more browse sequences set, but browse buttons are not enabled in any window.
    HC3071: Warning: topic #41 of C:\Program Files\Microsoft Visual Studio\VC98\Projects\FBD\hlp\Trainer.rtf : 
	One or more browse sequences set, but browse buttons are not enabled in any window.
    HC3071: Warning: topic #61 of C:\Program Files\Microsoft Visual Studio\VC98\Projects\FBD\hlp\Trainer.rtf : 
	One or more browse sequences set, but browse buttons are not enabled in any window.
    HC3071: Warning: topic #73 of  : 
	One or more browse sequences set, but browse buttons are not enabled in any window.
    HC3071: Warning: topic #73 of  : 
	One or more browse sequences set, but browse buttons are not enabled in any window.
    HC3071: Warning: topic #73 of  : 
	One or more browse sequences set, but browse buttons are not enabled in any window.
    HC3026: Warning: topic #56 of C:\Program Files\Microsoft Visual Studio\VC98\Projects\FBD\hlp\AfxCore.rtf : 
	The Topic ID "scrollbars" has already been defined in topic 48 in file C:\Program Files\Microsoft Visual Studio\VC98\Projects\FBD\hlp\AfxCore.rtf.
    HC3025: Warning: topic #6 of C:\Program Files\Microsoft Visual Studio\VC98\Projects\FBD\hlp\AfxCore.rtf : 
	Jump to undefined Topic ID: "HID_VIEW_EQBAR".
    HC1010: Note: 
	The following mapped Topic IDs were not used in any topic:
	HID_FILE_EDITEXAMPLE
	HIDM_LAMBDA
	HIDD_PLANNER
	HID_WINDOW_CASCADE
	HID_OTHER
	HIDD_STEP1
	HIDD_EXPLAIN_SYSTEM
	HID_OBJECT_MOVETOFRONT
	HID_SC_NEXTWINDOW
	HID_VIEW_HIDE_HINT
	HID_CANCEL_EDIT
	HID_HINTBTN_WHATSWRONG
	HID_WINDOW_TILE_HORZ
	HID_WINDOW_TILE_VERT
	HID_FILE_SHOWDEMO
	HID_VIEW_PTR
	HIDD_EXPERIMENT
	HID_PLAN_ADDNEWGOAL
	HID_EDIT_REPEAT
	HIDD_TIMES_PAGE
	HID_VARIABLE_ADDTIME
	HIDW_PROBLEMBAR
	HID_NEW_VARIABLE
	HIDD_HORZ_GREEKBAR
	HIDD_CHOICE
	HIDR_FBDTYPE_CNTR_IP
	HIDD_DEMO_UI
	HIDD_PLAYERBAR
	HID_RECORD_FIRST
	HID_INSERT
	HID_EDIT_SELECT_ALL
	HIDR_MAINFRAME1
	HID_VIEW_CACLULATOR
	HID_EDIT_CLEAR
	HID_PLAYER_PAUSE
	HIDD_PROP_RECT
	HIDM_GREEKLETTER_FIRST
	HID_FILE_UPDATE
	AFX_HIDW_RESIZE_BAR
	HID_FILE_SEND_MAIL
	HID_HYPERTEXT
	HID_VIEW_FONT
	HIDR_POPUP_VARVIEW
	HIDD_PLANPAGE
	HID_ELLIPSE
	HID_POLYBEZIER
	HID_VIEW_OPTIONS
	AFX_HIDP_ARCH_NONE
	HID_RECORD_LAST
	HID_RECORD_NEXT
	HID_RECORD_PREV
	HID_EDIT_FIND
	HID_EDIT_REDO
	HIDD_EXHINT
	HIDD_EXPLAIN_FOUR
	HID_ARC
	HID_YES
	HIDM_MU
	HIDM_NU
	HIDM_PI
	HIDM_XI
	HIDD_OLE_PROPPAGE_LARGE
	HIDD_LISTS_PAGE
	HIDR_EXEDITTYPE
	HID_POPUP_EDITVECTORTYPE
	HIDD_DIRECTIONS_PAGE
	HID_AUTHORPROPS
	HIDD_EX_FORM
	HID_MENUITEM33064
	HID_MENUITEM33079
	HID_MENUITEM33080
	HID_OBJECT_MOVEBACK
	HIDD_FILEOPEN_PIC
	HIDD_AUTHOR_PROPS
	HIDD_AREA
	HIDD_DONE
	HIDD_HINT
	HIDD_EXPLAIN_LAW
	HIDD_EXPLAIN_TWO
	HIDD_REVIEW_BROWSER
	HIDD_DIALOG1
	HID_EDIT_AUTHORPROPERTIES
	HIDR_AUTHORBAR
	HIDM_DELTA
	HIDM_GAMMA
	HID_DIRECTION_FIRST
	HIDM_KAPPA
	HID_FILE_SAVE_COPY_AS
	HIDM_OMEGA
	HID_TEXTBOOK
	HIDM_SIGMA
	HIDM_THETA
	HID_SC_PREVWINDOW
	HID_FORMAT_FONT
	HID_DRAWTOOL_FIRST
	HIDP_OLE_INIT_FAILED
	HID_ANOTHERSTAGE
	HIDD_VIEW_OPTS
	HIDD_PTR_MSG
	HID_INDICATOR_TIME
	HID_HT_NOWHERE
	HID_PLAN_TEMPLATE
	HIDM_EPSILON
	HID_PLAN_DELETE
	AFX_HIDW_DOCKBAR_TOP
	HID_SC_TASKLIST
	HIDD_GENERAL_PAGE
	HIDD_HYPER_TEXT
	HID_ANOTHERAXIS
	HID_ADDSYMBOL
	HID_PLAYER_FASTFORWARD
	HID_HELP_INDEX
	HID_INSERT_SUBITEM
	HID_OLE_EDIT_CONVERT
	HID_HINTBTN_HIDE
	HID_HELP_USING
	HID_DRAWVECTOR_FIRST
	HIDR_POPUP_EXPLAIN_OLD
	HIDR_POPUP_EQVIEW
	HIDD_OBJECTS_PAGE
	HID_MC_QUESTION
	HID_ARC2
	HID_DONE
	HID_LINE
	HID_WORK
	HIDD_FORMULA
	HID_EDIT_UNGROUP
	HIDR_POPUP_PLANVIEW
	HIDM_CHI
	HIDM_ETA
	HIDM_PHI
	HIDM_PSI
	HIDM_RHO
	HIDM_TAU
	HID_POPUP_EXPLAIN
	HID_OBJECT_MOVEFORWARD
	HID_EDIT_PASTE_SPECIAL
	HID_NEXT_FIRST
	HIDR_MAJORLAWS
	HIDD_VARPAGE
	HIDD_VARTYPE
	HID_RECTANGLE
	HID_POLYGON
	AFX_HIDW_DOCKBAR_BOTTOM
	HID_PREV_PANE
	HIDR_MOTION
	HIDD_MIDSTEP
	HIDD_PROPTYPE
	HID_HORIZONTAL
	HID_OLE_EDIT_CHANGE_ICON
	HIDD_TABVIEW
	HID_OLE_EDIT_PROPERTIES
	HID_DELETE_VARIABLE
	HIDM_BETA
	HIDM_IOTA
	HIDM_ZETA
	HID_HINTBAR_HIDE
	HIDD_GREEKBAR
	AFX_HIDW_DOCKBAR_LEFT
	HID_OBJECT_MOVETOBACK
	HIDD_EXAMPLE_PLAN
	HIDD_EXAMPLE_TEXT
	HID_VIEW_AUTHORBAR
	HID_WIZBACK
	HID_WIZNEXT
	HIDR_PLAYER
	HID_WINDOW_SPLIT
	HID_PLAN_INSERTSUBITEM
	HIDD_RULE_QUERY
	HID_POPUP_ADDNEWVARIABLE
	HID_INSERT_NEXTITEM
	HIDR_GREEK
	HIDR_IMAGE
	HID_2DMOTION
	AFX_HIDD_PREVIEW_TOOLBAR
	HID_DOC_AREA
	HID_ROUNDRECT
	HIDP_BUSY
	HID_WINDOW_ARRANGE
	HIDR_POPUP_FBDVIEW
	HID_VARIABLE_NEW
	HID_KINEMATICS
	HIDD_VARIABLE_LIST
	HID_VARIABLE_WHATSWRONG
	HIDR_DIRECTIONS
	HID_PLAN_EDITTHISITEM
	HIDR_TOOLBAR1
	HID_EDIT_REPLACE
	AFX_HIDP_FAILED_IO_ERROR_WRITE
	AFX_HIDP_FILE_SHARING
	HID_NEXTSTEP_FIRST
	HIDR_STATUS
	HID_FILE_NEW
	HID_FILE_SHOWRULEDLG
	HID_CHOICE_ITEM
	HIDD_HELP_OPTIONS
	HIDD_DEMO_POINTER
	HIDR_PLAN
	HID_PLAYER_PLAY
	HID_PLAYER_SKIP
	HID_PLAYER_STOP
	HID_FILE_PRINT_DIRECT
	HID_AUTHORMODE
	HID_WINDOW_MINIMIZERIGHT
	HID_SHOWLESSON
	HIDD_INSTRUCT
	HIDD_UPLOAD
	HID_CANCELUNKNOWN
	HIDR_MAINFRAME_EXP
	HIDD_VECTOR
	HID_SHOWRULEDLG
	HIDD_LABELRADIUS
	HID_EXAMPLE_TEXT
	AFX_HIDD_CHANGEICON
	HID_PLAYER_REPLAY_HELP
	HID_VIEW_PTR_DLG
	AFX_HIDD_FILEBROWSE
	HID_UNGROUP
	HID_WINDOW_ALL
	HID_WINDOW_NEW
	HIDD_CHOICE_GROUP
	HID_MODIFY_VARIABLE
	AFX_HIDD_EDITLINKS
	HID_INDICATOR_ANGLE
	HIDM_UPSILON
	HID_WIZFINISH
	HIDD_FORCE_TYPE
	HID_OLE_EDIT_LINKS
	HID_VIEW_EXPCONTROL
	HID_EDIT_PASTE_LINK
	HID_NEXT_PANE
	AFX_HIDW_DOCKBAR_FLOAT
	HID_FILE_OPEN
	HID_EDIT_VECTORTYPE
	HID_HELP_OPTIONS
	HID_FOLLOWUP_HOW
	HID_FOLLOWUP_WHY
	AFX_HIDW_DOCKBAR_RIGHT
	HID_HINTBTN_FIRST
	HIDM_OMICRON
	HID_PLAYER_QUIT_DEMO
	HIDD_KINEMATICPROP
	HID_VIEW_PLAYCONTROL
	HIDW_AUTHORBAR
	HIDR_POPUP_EXPLAIN
	HIDD_WARNING
	HID_EDIT_CLEAR_ALL
	HID_OLE_INSERT_NEW
	HID_EDITITEM
	HID_FOLLOWUP_EXPLAIN
	HIDP_FAILED_TO_CREATE
	HIDD_EQ_FORM
	HIDD_COMMENT
	HIDD_TASK_SELECTION
	HID_FILE_REPLAYLOG
243	Topics
214	Jumps
105	Keywords
99	Bitmaps


Created C:\Program Files\Microsoft Visual Studio\VC98\Projects\FBD\hlp\FBD.hlp, 269,986 bytes
Bitmaps: 172,505 bytes
Hall+Zeck compression decreased help file by 59,100 bytes.
Compile time: 0 minutes, 38 seconds
16 notes, 48 warnings
